<?xml version="1.0" encoding="UTF-8"?>
<!-- Generated by org.testng.reporters.JUnitReportReporter -->
<testsuite hostname="sajid" failures="0" tests="1" name="com.shoppersstack_testScript.Verify_User_Is_Able_To_Add_Address_Test" time="22.646" errors="0" timestamp="2024-04-14T17:21:58 IST" skipped="0">
  <testcase classname="com.shoppersstack_testScript.Verify_User_Is_Able_To_Add_Address_Test" name="addAddress" time="22.646"/>
</testsuite> <!-- com.shoppersstack_testScript.Verify_User_Is_Able_To_Add_Address_Test -->
