<?xml version="1.0" encoding="UTF-8"?>
<!-- Generated by org.testng.reporters.JUnitReportReporter -->
<testsuite hostname="sajid" failures="0" tests="1" name="com.shoppersstack_testScript.Verify_User_Is_Able_To_Delete_Address_Test" time="21.705" errors="0" timestamp="2024-04-16T08:58:11 IST" skipped="0">
  <testcase classname="com.shoppersstack_testScript.Verify_User_Is_Able_To_Delete_Address_Test" name="deleteAdd" time="21.705"/>
</testsuite> <!-- com.shoppersstack_testScript.Verify_User_Is_Able_To_Delete_Address_Test -->
